<?xml version="1.0" encoding="UTF-8"?>
<testsuite xmlns:xsi="http://www.w3.org/2001/XMLSchema-instance" xsi:noNamespaceSchemaLocation="https://maven.apache.org/surefire/maven-surefire-plugin/xsd/surefire-test-report.xsd" name="TestSuite" time="18.806" tests="1" errors="0" skipped="0" failures="1">
  <properties>
    <property name="java.specification.version" value="15"/>
    <property name="sun.jnu.encoding" value="UTF-8"/>
    <property name="java.class.path" value="/Users/shivangimohan/eclipse-workspace/com.wefox/target/test-classes:/Users/shivangimohan/eclipse-workspace/com.wefox/target/classes:/Users/shivangimohan/.m2/repository/org/seleniumhq/selenium/selenium-java/3.141.59/selenium-java-3.141.59.jar:/Users/shivangimohan/.m2/repository/org/seleniumhq/selenium/selenium-api/3.141.59/selenium-api-3.141.59.jar:/Users/shivangimohan/.m2/repository/org/seleniumhq/selenium/selenium-chrome-driver/3.141.59/selenium-chrome-driver-3.141.59.jar:/Users/shivangimohan/.m2/repository/org/seleniumhq/selenium/selenium-edge-driver/3.141.59/selenium-edge-driver-3.141.59.jar:/Users/shivangimohan/.m2/repository/org/seleniumhq/selenium/selenium-firefox-driver/3.141.59/selenium-firefox-driver-3.141.59.jar:/Users/shivangimohan/.m2/repository/org/seleniumhq/selenium/selenium-ie-driver/3.141.59/selenium-ie-driver-3.141.59.jar:/Users/shivangimohan/.m2/repository/org/seleniumhq/selenium/selenium-opera-driver/3.141.59/selenium-opera-driver-3.141.59.jar:/Users/shivangimohan/.m2/repository/org/seleniumhq/selenium/selenium-remote-driver/3.141.59/selenium-remote-driver-3.141.59.jar:/Users/shivangimohan/.m2/repository/org/seleniumhq/selenium/selenium-safari-driver/3.141.59/selenium-safari-driver-3.141.59.jar:/Users/shivangimohan/.m2/repository/org/seleniumhq/selenium/selenium-support/3.141.59/selenium-support-3.141.59.jar:/Users/shivangimohan/.m2/repository/net/bytebuddy/byte-buddy/1.8.15/byte-buddy-1.8.15.jar:/Users/shivangimohan/.m2/repository/org/apache/commons/commons-exec/1.3/commons-exec-1.3.jar:/Users/shivangimohan/.m2/repository/com/google/guava/guava/25.0-jre/guava-25.0-jre.jar:/Users/shivangimohan/.m2/repository/com/google/code/findbugs/jsr305/1.3.9/jsr305-1.3.9.jar:/Users/shivangimohan/.m2/repository/org/checkerframework/checker-compat-qual/2.0.0/checker-compat-qual-2.0.0.jar:/Users/shivangimohan/.m2/repository/com/google/errorprone/error_prone_annotations/2.1.3/error_prone_annotations-2.1.3.jar:/Users/shivangimohan/.m2/repository/com/google/j2objc/j2objc-annotations/1.1/j2objc-annotations-1.1.jar:/Users/shivangimohan/.m2/repository/org/codehaus/mojo/animal-sniffer-annotations/1.14/animal-sniffer-annotations-1.14.jar:/Users/shivangimohan/.m2/repository/com/squareup/okhttp3/okhttp/3.11.0/okhttp-3.11.0.jar:/Users/shivangimohan/.m2/repository/com/squareup/okio/okio/1.14.0/okio-1.14.0.jar:/Users/shivangimohan/.m2/repository/org/testng/testng/6.14.3/testng-6.14.3.jar:/Users/shivangimohan/.m2/repository/com/beust/jcommander/1.72/jcommander-1.72.jar:/Users/shivangimohan/.m2/repository/org/apache-extras/beanshell/bsh/2.0b6/bsh-2.0b6.jar:/Users/shivangimohan/.m2/repository/com/aventstack/extentreports/4.1.5/extentreports-4.1.5.jar:/Users/shivangimohan/.m2/repository/org/freemarker/freemarker/2.3.29/freemarker-2.3.29.jar:/Users/shivangimohan/.m2/repository/org/apache/httpcomponents/httpclient/4.5.2/httpclient-4.5.2.jar:/Users/shivangimohan/.m2/repository/org/apache/httpcomponents/httpcore/4.4.4/httpcore-4.4.4.jar:/Users/shivangimohan/.m2/repository/commons-logging/commons-logging/1.2/commons-logging-1.2.jar:/Users/shivangimohan/.m2/repository/commons-codec/commons-codec/1.9/commons-codec-1.9.jar:/Users/shivangimohan/.m2/repository/org/apache/httpcomponents/httpmime/4.5.2/httpmime-4.5.2.jar:/Users/shivangimohan/.m2/repository/com/google/code/gson/gson/2.8.6/gson-2.8.6.jar:/Users/shivangimohan/.m2/repository/org/mongodb/mongodb-driver/3.12.0/mongodb-driver-3.12.0.jar:/Users/shivangimohan/.m2/repository/org/mongodb/mongodb-driver-core/3.12.0/mongodb-driver-core-3.12.0.jar:/Users/shivangimohan/.m2/repository/org/mongodb/bson/3.12.0/bson-3.12.0.jar:/Users/shivangimohan/.m2/repository/commons-io/commons-io/2.6/commons-io-2.6.jar:/Users/shivangimohan/.m2/repository/org/apache/logging/log4j/log4j-api/2.8.2/log4j-api-2.8.2.jar:/Users/shivangimohan/.m2/repository/org/apache/logging/log4j/log4j-core/2.8.2/log4j-core-2.8.2.jar:"/>
    <property name="java.vm.vendor" value="Oracle Corporation"/>
    <property name="sun.arch.data.model" value="64"/>
    <property name="java.vendor.url" value="https://openjdk.java.net/"/>
    <property name="os.name" value="Mac OS X"/>
    <property name="java.vm.specification.version" value="15"/>
    <property name="sun.java.launcher" value="SUN_STANDARD"/>
    <property name="user.country" value="IN"/>
    <property name="sun.boot.library.path" value="/usr/local/Cellar/openjdk/15.0.2/libexec/openjdk.jdk/Contents/Home/lib"/>
    <property name="sun.java.command" value="/Users/shivangimohan/eclipse-workspace/com.wefox/target/surefire/surefirebooter16233345691605752724.jar /Users/shivangimohan/eclipse-workspace/com.wefox/target/surefire 2021-05-28T17-46-16_066-jvmRun1 surefire1797501220066068008tmp surefire_011081478878158691437tmp"/>
    <property name="http.nonProxyHosts" value="local|*.local|169.254/16|*.169.254/16"/>
    <property name="jdk.debug" value="release"/>
    <property name="surefire.test.class.path" value="/Users/shivangimohan/eclipse-workspace/com.wefox/target/test-classes:/Users/shivangimohan/eclipse-workspace/com.wefox/target/classes:/Users/shivangimohan/.m2/repository/org/seleniumhq/selenium/selenium-java/3.141.59/selenium-java-3.141.59.jar:/Users/shivangimohan/.m2/repository/org/seleniumhq/selenium/selenium-api/3.141.59/selenium-api-3.141.59.jar:/Users/shivangimohan/.m2/repository/org/seleniumhq/selenium/selenium-chrome-driver/3.141.59/selenium-chrome-driver-3.141.59.jar:/Users/shivangimohan/.m2/repository/org/seleniumhq/selenium/selenium-edge-driver/3.141.59/selenium-edge-driver-3.141.59.jar:/Users/shivangimohan/.m2/repository/org/seleniumhq/selenium/selenium-firefox-driver/3.141.59/selenium-firefox-driver-3.141.59.jar:/Users/shivangimohan/.m2/repository/org/seleniumhq/selenium/selenium-ie-driver/3.141.59/selenium-ie-driver-3.141.59.jar:/Users/shivangimohan/.m2/repository/org/seleniumhq/selenium/selenium-opera-driver/3.141.59/selenium-opera-driver-3.141.59.jar:/Users/shivangimohan/.m2/repository/org/seleniumhq/selenium/selenium-remote-driver/3.141.59/selenium-remote-driver-3.141.59.jar:/Users/shivangimohan/.m2/repository/org/seleniumhq/selenium/selenium-safari-driver/3.141.59/selenium-safari-driver-3.141.59.jar:/Users/shivangimohan/.m2/repository/org/seleniumhq/selenium/selenium-support/3.141.59/selenium-support-3.141.59.jar:/Users/shivangimohan/.m2/repository/net/bytebuddy/byte-buddy/1.8.15/byte-buddy-1.8.15.jar:/Users/shivangimohan/.m2/repository/org/apache/commons/commons-exec/1.3/commons-exec-1.3.jar:/Users/shivangimohan/.m2/repository/com/google/guava/guava/25.0-jre/guava-25.0-jre.jar:/Users/shivangimohan/.m2/repository/com/google/code/findbugs/jsr305/1.3.9/jsr305-1.3.9.jar:/Users/shivangimohan/.m2/repository/org/checkerframework/checker-compat-qual/2.0.0/checker-compat-qual-2.0.0.jar:/Users/shivangimohan/.m2/repository/com/google/errorprone/error_prone_annotations/2.1.3/error_prone_annotations-2.1.3.jar:/Users/shivangimohan/.m2/repository/com/google/j2objc/j2objc-annotations/1.1/j2objc-annotations-1.1.jar:/Users/shivangimohan/.m2/repository/org/codehaus/mojo/animal-sniffer-annotations/1.14/animal-sniffer-annotations-1.14.jar:/Users/shivangimohan/.m2/repository/com/squareup/okhttp3/okhttp/3.11.0/okhttp-3.11.0.jar:/Users/shivangimohan/.m2/repository/com/squareup/okio/okio/1.14.0/okio-1.14.0.jar:/Users/shivangimohan/.m2/repository/org/testng/testng/6.14.3/testng-6.14.3.jar:/Users/shivangimohan/.m2/repository/com/beust/jcommander/1.72/jcommander-1.72.jar:/Users/shivangimohan/.m2/repository/org/apache-extras/beanshell/bsh/2.0b6/bsh-2.0b6.jar:/Users/shivangimohan/.m2/repository/com/aventstack/extentreports/4.1.5/extentreports-4.1.5.jar:/Users/shivangimohan/.m2/repository/org/freemarker/freemarker/2.3.29/freemarker-2.3.29.jar:/Users/shivangimohan/.m2/repository/org/apache/httpcomponents/httpclient/4.5.2/httpclient-4.5.2.jar:/Users/shivangimohan/.m2/repository/org/apache/httpcomponents/httpcore/4.4.4/httpcore-4.4.4.jar:/Users/shivangimohan/.m2/repository/commons-logging/commons-logging/1.2/commons-logging-1.2.jar:/Users/shivangimohan/.m2/repository/commons-codec/commons-codec/1.9/commons-codec-1.9.jar:/Users/shivangimohan/.m2/repository/org/apache/httpcomponents/httpmime/4.5.2/httpmime-4.5.2.jar:/Users/shivangimohan/.m2/repository/com/google/code/gson/gson/2.8.6/gson-2.8.6.jar:/Users/shivangimohan/.m2/repository/org/mongodb/mongodb-driver/3.12.0/mongodb-driver-3.12.0.jar:/Users/shivangimohan/.m2/repository/org/mongodb/mongodb-driver-core/3.12.0/mongodb-driver-core-3.12.0.jar:/Users/shivangimohan/.m2/repository/org/mongodb/bson/3.12.0/bson-3.12.0.jar:/Users/shivangimohan/.m2/repository/commons-io/commons-io/2.6/commons-io-2.6.jar:/Users/shivangimohan/.m2/repository/org/apache/logging/log4j/log4j-api/2.8.2/log4j-api-2.8.2.jar:/Users/shivangimohan/.m2/repository/org/apache/logging/log4j/log4j-core/2.8.2/log4j-core-2.8.2.jar:"/>
    <property name="sun.cpu.endian" value="little"/>
    <property name="user.home" value="/Users/shivangimohan"/>
    <property name="user.language" value="en"/>
    <property name="java.specification.vendor" value="Oracle Corporation"/>
    <property name="java.version.date" value="2021-01-19"/>
    <property name="java.home" value="/usr/local/Cellar/openjdk/15.0.2/libexec/openjdk.jdk/Contents/Home"/>
    <property name="file.separator" value="/"/>
    <property name="basedir" value="/Users/shivangimohan/eclipse-workspace/com.wefox"/>
    <property name="java.vm.compressedOopsMode" value="Zero based"/>
    <property name="line.separator" value="&#10;"/>
    <property name="java.specification.name" value="Java Platform API Specification"/>
    <property name="java.vm.specification.vendor" value="Oracle Corporation"/>
    <property name="surefire.real.class.path" value="/Users/shivangimohan/eclipse-workspace/com.wefox/target/surefire/surefirebooter16233345691605752724.jar"/>
    <property name="sun.management.compiler" value="HotSpot 64-Bit Tiered Compilers"/>
    <property name="ftp.nonProxyHosts" value="local|*.local|169.254/16|*.169.254/16"/>
    <property name="java.runtime.version" value="15.0.2+7"/>
    <property name="user.name" value="shivangimohan"/>
    <property name="path.separator" value=":"/>
    <property name="os.version" value="10.16"/>
    <property name="java.runtime.name" value="OpenJDK Runtime Environment"/>
    <property name="file.encoding" value="UTF-8"/>
    <property name="java.vm.name" value="OpenJDK 64-Bit Server VM"/>
    <property name="localRepository" value="/Users/shivangimohan/.m2/repository"/>
    <property name="java.vendor.url.bug" value="https://bugreport.java.com/bugreport/"/>
    <property name="java.io.tmpdir" value="/var/folders/wx/sst3flks47v_chwj9lmxbf2r0000gp/T/"/>
    <property name="java.version" value="15.0.2"/>
    <property name="user.dir" value="/Users/shivangimohan/eclipse-workspace/com.wefox"/>
    <property name="os.arch" value="x86_64"/>
    <property name="java.vm.specification.name" value="Java Virtual Machine Specification"/>
    <property name="java.library.path" value="/Users/shivangimohan/Library/Java/Extensions:/Library/Java/Extensions:/Network/Library/Java/Extensions:/System/Library/Java/Extensions:/usr/lib/java:."/>
    <property name="java.vm.info" value="mixed mode, sharing"/>
    <property name="java.vendor" value="N/A"/>
    <property name="java.vm.version" value="15.0.2+7"/>
    <property name="sun.io.unicode.encoding" value="UnicodeBig"/>
    <property name="socksNonProxyHosts" value="local|*.local|169.254/16|*.169.254/16"/>
    <property name="java.class.version" value="59.0"/>
  </properties>
  <testcase name="testPayOnArrivalBooking" classname="com.wefox.test.PayOnArrivalBookingTest" time="9.125">
    <failure message="invalid selector: Unable to locate an element with the xpath expression  because of the following error:&#10;SyntaxError: Failed to execute &apos;evaluate&apos; on &apos;Document&apos;: The string &apos;&apos; is not a valid XPath expression.&#10;  (Session info: chrome=91.0.4472.77)&#10;For documentation on this error, please visit: https://www.seleniumhq.org/exceptions/invalid_selector_exception.html&#10;Build info: version: &apos;3.141.59&apos;, revision: &apos;e82be7d358&apos;, time: &apos;2018-11-14T08:17:03&apos;&#10;System info: host: &apos;Mudits-MacBook-Pro-2.local&apos;, ip: &apos;fe80:0:0:0:4eb:d9fa:6274:2297%en0&apos;, os.name: &apos;Mac OS X&apos;, os.arch: &apos;x86_64&apos;, os.version: &apos;10.16&apos;, java.version: &apos;15.0.2&apos;&#10;Driver info: org.openqa.selenium.chrome.ChromeDriver&#10;Capabilities {acceptInsecureCerts: false, browserName: chrome, browserVersion: 91.0.4472.77, chrome: {chromedriverVersion: 91.0.4472.19 (1bf021f248676..., userDataDir: /var/folders/wx/sst3flks47v...}, goog:chromeOptions: {debuggerAddress: localhost:60467}, javascriptEnabled: true, networkConnectionEnabled: false, pageLoadStrategy: normal, platform: MAC, platformName: MAC, proxy: Proxy(), setWindowRect: true, strictFileInteractability: false, timeouts: {implicit: 0, pageLoad: 300000, script: 30000}, unhandledPromptBehavior: dismiss and notify, webauthn:extension:largeBlob: true, webauthn:virtualAuthenticators: true}&#10;Session ID: abcdddd215b186a4f5827fe18ede030d&#10;*** Element info: {Using=xpath, value=}" type="org.openqa.selenium.InvalidSelectorException">org.openqa.selenium.InvalidSelectorException: 
invalid selector: Unable to locate an element with the xpath expression  because of the following error:
SyntaxError: Failed to execute 'evaluate' on 'Document': The string '' is not a valid XPath expression.
  (Session info: chrome=91.0.4472.77)
For documentation on this error, please visit: https://www.seleniumhq.org/exceptions/invalid_selector_exception.html
Build info: version: '3.141.59', revision: 'e82be7d358', time: '2018-11-14T08:17:03'
System info: host: 'Mudits-MacBook-Pro-2.local', ip: 'fe80:0:0:0:4eb:d9fa:6274:2297%en0', os.name: 'Mac OS X', os.arch: 'x86_64', os.version: '10.16', java.version: '15.0.2'
Driver info: org.openqa.selenium.chrome.ChromeDriver
Capabilities {acceptInsecureCerts: false, browserName: chrome, browserVersion: 91.0.4472.77, chrome: {chromedriverVersion: 91.0.4472.19 (1bf021f248676..., userDataDir: /var/folders/wx/sst3flks47v...}, goog:chromeOptions: {debuggerAddress: localhost:60467}, javascriptEnabled: true, networkConnectionEnabled: false, pageLoadStrategy: normal, platform: MAC, platformName: MAC, proxy: Proxy(), setWindowRect: true, strictFileInteractability: false, timeouts: {implicit: 0, pageLoad: 300000, script: 30000}, unhandledPromptBehavior: dismiss and notify, webauthn:extension:largeBlob: true, webauthn:virtualAuthenticators: true}
Session ID: abcdddd215b186a4f5827fe18ede030d
*** Element info: {Using=xpath, value=}
	at com.wefox.test.PayOnArrivalBookingTest.testPayOnArrivalBooking(PayOnArrivalBookingTest.java:28)
</failure>
    <system-err><![CDATA[Starting ChromeDriver 91.0.4472.19 (1bf021f248676a0b2ab3ee0561d83a59e424c23e-refs/branch-heads/4472@{#288}) on port 39794
Only local connections are allowed.
Please see https://chromedriver.chromium.org/security-considerations for suggestions on keeping ChromeDriver safe.
ChromeDriver was started successfully.
May 28, 2021 5:46:18 PM org.openqa.selenium.remote.ProtocolHandshake createSession
INFO: Detected dialect: W3C
]]></system-err>
  </testcase>
</testsuite>